# JRE version: Java(TM) SE Runtime Environment (8.0_45-b15) (build 1.8.0_45-b15)
# Java VM: Java HotSpot(TM) 64-Bit Server VM (25.45-b02 mixed mode windows-amd64 compressed oops)
Heap:
 PSYoungGen      total 228864K, used 59475K [0x000000076b500000, 0x000000077ac80000, 0x00000007c0000000)
  eden space 210944K, 28% used [0x000000076b500000,0x000000076ef14e10,0x0000000778300000)
  from space 17920K, 0% used [0x0000000778300000,0x0000000778300000,0x0000000779480000)
  to   space 12800K, 0% used [0x0000000779480000,0x0000000779480000,0x000000077a100000)
 ParOldGen       total 167936K, used 30072K [0x00000006c1e00000, 0x00000006cc200000, 0x000000076b500000)
  object space 167936K, 17% used [0x00000006c1e00000,0x00000006c3b5e0a8,0x00000006cc200000)
 Metaspace       used 60274K, capacity 62982K, committed 63232K, reserved 1103872K
  class space    used 7883K, capacity 8367K, committed 8448K, reserved 1048576K
GC Heap History (10 events):
Event: 3.130 GC heap before
{Heap before GC invocations=8 (full 2):
 PSYoungGen      total 178176K, used 8577K [0x000000076b500000, 0x0000000778d00000, 0x00000007c0000000)
  eden space 163840K, 0% used [0x000000076b500000,0x000000076b500000,0x0000000775500000)
  from space 14336K, 59% used [0x0000000776280000,0x0000000776ae06d8,0x0000000777080000)
  to   space 13824K, 0% used [0x0000000775500000,0x0000000775500000,0x0000000776280000)
 ParOldGen       total 102912K, used 9818K [0x00000006c1e00000, 0x00000006c8280000, 0x000000076b500000)
  object space 102912K, 9% used [0x00000006c1e00000,0x00000006c2796a98,0x00000006c8280000)
 Metaspace       used 33860K, capacity 35412K, committed 35496K, reserved 1079296K
  class space    used 4480K, capacity 4782K, committed 4864K, reserved 1048576K
Event: 3.185 GC heap after
Heap after GC invocations=8 (full 2):
 PSYoungGen      total 178176K, used 0K [0x000000076b500000, 0x0000000778d00000, 0x00000007c0000000)
  eden space 163840K, 0% used [0x000000076b500000,0x000000076b500000,0x0000000775500000)
  from space 14336K, 0% used [0x0000000776280000,0x0000000776280000,0x0000000777080000)
  to   space 13824K, 0% used [0x0000000775500000,0x0000000775500000,0x0000000776280000)
 ParOldGen       total 167936K, used 13802K [0x00000006c1e00000, 0x00000006cc200000, 0x000000076b500000)
  object space 167936K, 8% used [0x00000006c1e00000,0x00000006c2b7aa08,0x00000006cc200000)
 Metaspace       used 33860K, capacity 35412K, committed 35496K, reserved 1079296K
  class space    used 4480K, capacity 4782K, committed 4864K, reserved 1048576K
}
Event: 4.349 GC heap before
{Heap before GC invocations=9 (full 2):
 PSYoungGen      total 178176K, used 163840K [0x000000076b500000, 0x0000000778d00000, 0x00000007c0000000)
  eden space 163840K, 100% used [0x000000076b500000,0x0000000775500000,0x0000000775500000)
  from space 14336K, 0% used [0x0000000776280000,0x0000000776280000,0x0000000777080000)
  to   space 13824K, 0% used [0x0000000775500000,0x0000000775500000,0x0000000776280000)
 ParOldGen       total 167936K, used 13802K [0x00000006c1e00000, 0x00000006cc200000, 0x000000076b500000)
  object space 167936K, 8% used [0x00000006c1e00000,0x00000006c2b7aa08,0x00000006cc200000)
 Metaspace       used 37294K, capacity 39118K, committed 39296K, reserved 1083392K
  class space    used 4881K, capacity 5221K, committed 5248K, reserved 1048576K
Event: 4.355 GC heap after
Heap after GC invocations=9 (full 2):
 PSYoungGen      total 177664K, used 8737K [0x000000076b500000, 0x000000077a100000, 0x00000007c0000000)
  eden space 163840K, 0% used [0x000000076b500000,0x000000076b500000,0x0000000775500000)
  from space 13824K, 63% used [0x0000000775500000,0x0000000775d88678,0x0000000776280000)
  to   space 12800K, 0% used [0x0000000779480000,0x0000000779480000,0x000000077a100000)
 ParOldGen       total 167936K, used 13810K [0x00000006c1e00000, 0x00000006cc200000, 0x000000076b500000)
  object space 167936K, 8% used [0x00000006c1e00000,0x00000006c2b7ca08,0x00000006cc200000)
 Metaspace       used 37294K, capacity 39118K, committed 39296K, reserved 1083392K
  class space    used 4881K, capacity 5221K, committed 5248K, reserved 1048576K
}
Event: 5.399 GC heap before
{Heap before GC invocations=10 (full 2):
 PSYoungGen      total 177664K, used 172577K [0x000000076b500000, 0x000000077a100000, 0x00000007c0000000)
  eden space 163840K, 100% used [0x000000076b500000,0x0000000775500000,0x0000000775500000)
  from space 13824K, 63% used [0x0000000775500000,0x0000000775d88678,0x0000000776280000)
  to   space 12800K, 0% used [0x0000000779480000,0x0000000779480000,0x000000077a100000)
 ParOldGen       total 167936K, used 13810K [0x00000006c1e00000, 0x00000006cc200000, 0x000000076b500000)
  object space 167936K, 8% used [0x00000006c1e00000,0x00000006c2b7ca08,0x00000006cc200000)
 Metaspace       used 50818K, capacity 53208K, committed 53504K, reserved 1095680K
  class space    used 6623K, capacity 7070K, committed 7168K, reserved 1048576K
Event: 5.414 GC heap after
Heap after GC invocations=10 (full 2):
 PSYoungGen      total 223744K, used 12792K [0x000000076b500000, 0x000000077ac80000, 0x00000007c0000000)
  eden space 210944K, 0% used [0x000000076b500000,0x000000076b500000,0x0000000778300000)
  from space 12800K, 99% used [0x0000000779480000,0x000000077a0fe150,0x000000077a100000)
  to   space 17920K, 0% used [0x0000000778300000,0x0000000778300000,0x0000000779480000)
 ParOldGen       total 167936K, used 22416K [0x00000006c1e00000, 0x00000006cc200000, 0x000000076b500000)
  object space 167936K, 13% used [0x00000006c1e00000,0x00000006c33e4090,0x00000006cc200000)
 Metaspace       used 50818K, capacity 53208K, committed 53504K, reserved 1095680K
  class space    used 6623K, capacity 7070K, committed 7168K, reserved 1048576K
}
Event: 5.697 GC heap before
{Heap before GC invocations=11 (full 2):
 PSYoungGen      total 223744K, used 68731K [0x000000076b500000, 0x000000077ac80000, 0x00000007c0000000)
  eden space 210944K, 26% used [0x000000076b500000,0x000000076eba0bf8,0x0000000778300000)
  from space 12800K, 99% used [0x0000000779480000,0x000000077a0fe150,0x000000077a100000)
  to   space 17920K, 0% used [0x0000000778300000,0x0000000778300000,0x0000000779480000)
 ParOldGen       total 167936K, used 22416K [0x00000006c1e00000, 0x00000006cc200000, 0x000000076b500000)
  object space 167936K, 13% used [0x00000006c1e00000,0x00000006c33e4090,0x00000006cc200000)
 Metaspace       used 56443K, capacity 58974K, committed 59136K, reserved 1099776K
  class space    used 7359K, capacity 7815K, committed 7936K, reserved 1048576K
Event: 5.709 GC heap after
Heap after GC invocations=11 (full 2):
 PSYoungGen      total 228864K, used 17899K [0x000000076b500000, 0x000000077ac80000, 0x00000007c0000000)
  eden space 210944K, 0% used [0x000000076b500000,0x000000076b500000,0x0000000778300000)
  from space 17920K, 99% used [0x0000000778300000,0x000000077947af80,0x0000000779480000)
  to   space 12800K, 0% used [0x0000000779480000,0x0000000779480000,0x000000077a100000)
 ParOldGen       total 167936K, used 24445K [0x00000006c1e00000, 0x00000006cc200000, 0x000000076b500000)
  object space 167936K, 14% used [0x00000006c1e00000,0x00000006c35df6f0,0x00000006cc200000)
 Metaspace       used 56443K, capacity 58974K, committed 59136K, reserved 1099776K
  class space    used 7359K, capacity 7815K, committed 7936K, reserved 1048576K
}
Event: 5.709 GC heap before
{Heap before GC invocations=12 (full 3):
 PSYoungGen      total 228864K, used 17899K [0x000000076b500000, 0x000000077ac80000, 0x00000007c0000000)
  eden space 210944K, 0% used [0x000000076b500000,0x000000076b500000,0x0000000778300000)
  from space 17920K, 99% used [0x0000000778300000,0x000000077947af80,0x0000000779480000)
  to   space 12800K, 0% used [0x0000000779480000,0x0000000779480000,0x000000077a100000)
 ParOldGen       total 167936K, used 24445K [0x00000006c1e00000, 0x00000006cc200000, 0x000000076b500000)
  object space 167936K, 14% used [0x00000006c1e00000,0x00000006c35df6f0,0x00000006cc200000)
 Metaspace       used 56443K, capacity 58974K, committed 59136K, reserved 1099776K
  class space    used 7359K, capacity 7815K, committed 7936K, reserved 1048576K
Event: 5.841 GC heap after
Heap after GC invocations=12 (full 3):
 PSYoungGen      total 228864K, used 0K [0x000000076b500000, 0x000000077ac80000, 0x00000007c0000000)
  eden space 210944K, 0% used [0x000000076b500000,0x000000076b500000,0x0000000778300000)
  from space 17920K, 0% used [0x0000000778300000,0x0000000778300000,0x0000000779480000)
  to   space 12800K, 0% used [0x0000000779480000,0x0000000779480000,0x000000077a100000)
 ParOldGen       total 167936K, used 30072K [0x00000006c1e00000, 0x00000006cc200000, 0x000000076b500000)
  object space 167936K, 17% used [0x00000006c1e00000,0x00000006c3b5e0a8,0x00000006cc200000)
 Metaspace       used 56421K, capacity 58938K, committed 59136K, reserved 1099776K
  class space    used 7356K, capacity 7809K, committed 7936K, reserved 1048576K
}

