# JRE version: Java(TM) SE Runtime Environment (8.0_45-b15) (build 1.8.0_45-b15)
# Java VM: Java HotSpot(TM) 64-Bit Server VM (25.45-b02 mixed mode windows-amd64 compressed oops)
Heap:
 PSYoungGen      total 272384K, used 244358K [0x000000076b500000, 0x000000077f180000, 0x00000007c0000000)
  eden space 261632K, 93% used [0x000000076b500000,0x000000077a3a1a68,0x000000077b480000)
  from space 10752K, 0% used [0x000000077b480000,0x000000077b480000,0x000000077bf00000)
  to   space 12288K, 0% used [0x000000077e580000,0x000000077e580000,0x000000077f180000)
 ParOldGen       total 104960K, used 34916K [0x00000006c1e00000, 0x00000006c8480000, 0x000000076b500000)
  object space 104960K, 33% used [0x00000006c1e00000,0x00000006c4019108,0x00000006c8480000)
 Metaspace       used 73490K, capacity 76598K, committed 76800K, reserved 1116160K
  class space    used 9638K, capacity 10181K, committed 10240K, reserved 1048576K
GC Heap History (10 events):
Event: 2.349 GC heap before
{Heap before GC invocations=6 (full 1):
 PSYoungGen      total 210432K, used 94980K [0x000000076b500000, 0x000000077c980000, 0x00000007c0000000)
  eden space 200192K, 42% used [0x000000076b500000,0x00000007707d5cf8,0x0000000777880000)
  from space 10240K, 99% used [0x000000077bf80000,0x000000077c96b620,0x000000077c980000)
  to   space 10752K, 0% used [0x000000077b480000,0x000000077b480000,0x000000077bf00000)
 ParOldGen       total 104960K, used 9024K [0x00000006c1e00000, 0x00000006c8480000, 0x000000076b500000)
  object space 104960K, 8% used [0x00000006c1e00000,0x00000006c26d0208,0x00000006c8480000)
 Metaspace       used 33678K, capacity 35398K, committed 35416K, reserved 1079296K
  class space    used 4518K, capacity 4847K, committed 4864K, reserved 1048576K
Event: 2.357 GC heap after
Heap after GC invocations=6 (full 1):
 PSYoungGen      total 272384K, used 10726K [0x000000076b500000, 0x000000077f180000, 0x00000007c0000000)
  eden space 261632K, 0% used [0x000000076b500000,0x000000076b500000,0x000000077b480000)
  from space 10752K, 99% used [0x000000077b480000,0x000000077bef9b68,0x000000077bf00000)
  to   space 12288K, 0% used [0x000000077e580000,0x000000077e580000,0x000000077f180000)
 ParOldGen       total 104960K, used 9558K [0x00000006c1e00000, 0x00000006c8480000, 0x000000076b500000)
  object space 104960K, 9% used [0x00000006c1e00000,0x00000006c2755ab8,0x00000006c8480000)
 Metaspace       used 33678K, capacity 35398K, committed 35416K, reserved 1079296K
  class space    used 4518K, capacity 4847K, committed 4864K, reserved 1048576K
}
Event: 2.357 GC heap before
{Heap before GC invocations=7 (full 2):
 PSYoungGen      total 272384K, used 10726K [0x000000076b500000, 0x000000077f180000, 0x00000007c0000000)
  eden space 261632K, 0% used [0x000000076b500000,0x000000076b500000,0x000000077b480000)
  from space 10752K, 99% used [0x000000077b480000,0x000000077bef9b68,0x000000077bf00000)
  to   space 12288K, 0% used [0x000000077e580000,0x000000077e580000,0x000000077f180000)
 ParOldGen       total 104960K, used 9558K [0x00000006c1e00000, 0x00000006c8480000, 0x000000076b500000)
  object space 104960K, 9% used [0x00000006c1e00000,0x00000006c2755ab8,0x00000006c8480000)
 Metaspace       used 33678K, capacity 35398K, committed 35416K, reserved 1079296K
  class space    used 4518K, capacity 4847K, committed 4864K, reserved 1048576K
Event: 2.385 GC heap after
Heap after GC invocations=7 (full 2):
 PSYoungGen      total 272384K, used 0K [0x000000076b500000, 0x000000077f180000, 0x00000007c0000000)
  eden space 261632K, 0% used [0x000000076b500000,0x000000076b500000,0x000000077b480000)
  from space 10752K, 0% used [0x000000077b480000,0x000000077b480000,0x000000077bf00000)
  to   space 12288K, 0% used [0x000000077e580000,0x000000077e580000,0x000000077f180000)
 ParOldGen       total 104960K, used 16333K [0x00000006c1e00000, 0x00000006c8480000, 0x000000076b500000)
  object space 104960K, 15% used [0x00000006c1e00000,0x00000006c2df37b8,0x00000006c8480000)
 Metaspace       used 33678K, capacity 35398K, committed 35416K, reserved 1079296K
  class space    used 4518K, capacity 4847K, committed 4864K, reserved 1048576K
}
Event: 3.977 GC heap before
{Heap before GC invocations=8 (full 2):
 PSYoungGen      total 272384K, used 261632K [0x000000076b500000, 0x000000077f180000, 0x00000007c0000000)
  eden space 261632K, 100% used [0x000000076b500000,0x000000077b480000,0x000000077b480000)
  from space 10752K, 0% used [0x000000077b480000,0x000000077b480000,0x000000077bf00000)
  to   space 12288K, 0% used [0x000000077e580000,0x000000077e580000,0x000000077f180000)
 ParOldGen       total 104960K, used 16333K [0x00000006c1e00000, 0x00000006c8480000, 0x000000076b500000)
  object space 104960K, 15% used [0x00000006c1e00000,0x00000006c2df37b8,0x00000006c8480000)
 Metaspace       used 43202K, capacity 45210K, committed 45568K, reserved 1089536K
  class space    used 5678K, capacity 6065K, committed 6144K, reserved 1048576K
Event: 3.990 GC heap after
Heap after GC invocations=8 (full 2):
 PSYoungGen      total 273920K, used 12260K [0x000000076b500000, 0x000000077f180000, 0x00000007c0000000)
  eden space 261632K, 0% used [0x000000076b500000,0x000000076b500000,0x000000077b480000)
  from space 12288K, 99% used [0x000000077e580000,0x000000077f179158,0x000000077f180000)
  to   space 10752K, 0% used [0x000000077b480000,0x000000077b480000,0x000000077bf00000)
 ParOldGen       total 104960K, used 20250K [0x00000006c1e00000, 0x00000006c8480000, 0x000000076b500000)
  object space 104960K, 19% used [0x00000006c1e00000,0x00000006c31c6a88,0x00000006c8480000)
 Metaspace       used 43202K, capacity 45210K, committed 45568K, reserved 1089536K
  class space    used 5678K, capacity 6065K, committed 6144K, reserved 1048576K
}
Event: 4.563 GC heap before
{Heap before GC invocations=9 (full 2):
 PSYoungGen      total 273920K, used 146268K [0x000000076b500000, 0x000000077f180000, 0x00000007c0000000)
  eden space 261632K, 51% used [0x000000076b500000,0x00000007737de140,0x000000077b480000)
  from space 12288K, 99% used [0x000000077e580000,0x000000077f179158,0x000000077f180000)
  to   space 10752K, 0% used [0x000000077b480000,0x000000077b480000,0x000000077bf00000)
 ParOldGen       total 104960K, used 20250K [0x00000006c1e00000, 0x00000006c8480000, 0x000000076b500000)
  object space 104960K, 19% used [0x00000006c1e00000,0x00000006c31c6a88,0x00000006c8480000)
 Metaspace       used 56544K, capacity 58970K, committed 59028K, reserved 1099776K
  class space    used 7445K, capacity 7891K, committed 7936K, reserved 1048576K
Event: 4.578 GC heap after
Heap after GC invocations=9 (full 2):
 PSYoungGen      total 272384K, used 10731K [0x000000076b500000, 0x000000077f180000, 0x00000007c0000000)
  eden space 261632K, 0% used [0x000000076b500000,0x000000076b500000,0x000000077b480000)
  from space 10752K, 99% used [0x000000077b480000,0x000000077befafa8,0x000000077bf00000)
  to   space 12288K, 0% used [0x000000077e580000,0x000000077e580000,0x000000077f180000)
 ParOldGen       total 104960K, used 34265K [0x00000006c1e00000, 0x00000006c8480000, 0x000000076b500000)
  object space 104960K, 32% used [0x00000006c1e00000,0x00000006c3f76500,0x00000006c8480000)
 Metaspace       used 56544K, capacity 58970K, committed 59028K, reserved 1099776K
  class space    used 7445K, capacity 7891K, committed 7936K, reserved 1048576K
}
Event: 4.578 GC heap before
{Heap before GC invocations=10 (full 3):
 PSYoungGen      total 272384K, used 10731K [0x000000076b500000, 0x000000077f180000, 0x00000007c0000000)
  eden space 261632K, 0% used [0x000000076b500000,0x000000076b500000,0x000000077b480000)
  from space 10752K, 99% used [0x000000077b480000,0x000000077befafa8,0x000000077bf00000)
  to   space 12288K, 0% used [0x000000077e580000,0x000000077e580000,0x000000077f180000)
 ParOldGen       total 104960K, used 34265K [0x00000006c1e00000, 0x00000006c8480000, 0x000000076b500000)
  object space 104960K, 32% used [0x00000006c1e00000,0x00000006c3f76500,0x00000006c8480000)
 Metaspace       used 56544K, capacity 58970K, committed 59028K, reserved 1099776K
  class space    used 7445K, capacity 7891K, committed 7936K, reserved 1048576K
Event: 4.685 GC heap after
Heap after GC invocations=10 (full 3):
 PSYoungGen      total 272384K, used 0K [0x000000076b500000, 0x000000077f180000, 0x00000007c0000000)
  eden space 261632K, 0% used [0x000000076b500000,0x000000076b500000,0x000000077b480000)
  from space 10752K, 0% used [0x000000077b480000,0x000000077b480000,0x000000077bf00000)
  to   space 12288K, 0% used [0x000000077e580000,0x000000077e580000,0x000000077f180000)
 ParOldGen       total 104960K, used 34916K [0x00000006c1e00000, 0x00000006c8480000, 0x000000076b500000)
  object space 104960K, 33% used [0x00000006c1e00000,0x00000006c4019108,0x00000006c8480000)
 Metaspace       used 56521K, capacity 58934K, committed 59028K, reserved 1099776K
  class space    used 7442K, capacity 7885K, committed 7936K, reserved 1048576K
}

